2024-10-29 11:56:12,062 [INFO] Starting Logseq sync script
2024-10-29 11:56:12,126 [INFO] File event detected: modified on D:\Logseq\.git\FETCH_HEAD
2024-10-29 11:56:13,768 [INFO] File event detected: modified on D:\Logseq\.git\FETCH_HEAD
2024-10-29 11:56:13,800 [INFO] File event detected: created on D:\Logseq\.git\objects\maintenance.lock
2024-10-29 11:56:13,801 [INFO] File event detected: modified on D:\Logseq\.git\objects
2024-10-29 11:56:13,801 [INFO] File event detected: deleted on D:\Logseq\.git\objects\maintenance.lock
2024-10-29 11:56:13,809 [INFO] File event detected: modified on D:\Logseq\.git\objects
2024-10-29 11:56:13,839 [INFO] File event detected: created on D:\Logseq\.git\ORIG_HEAD.lock
2024-10-29 11:56:13,839 [INFO] File event detected: modified on D:\Logseq\.git
2024-10-29 11:56:13,840 [INFO] File event detected: deleted on D:\Logseq\.git\ORIG_HEAD.lock
2024-10-29 11:56:13,840 [INFO] File event detected: modified on D:\Logseq\.git
2024-10-29 11:56:13,841 [INFO] File event detected: created on D:\Logseq\.git\AUTO_MERGE.lock
2024-10-29 11:56:13,841 [INFO] File event detected: modified on D:\Logseq\.git
2024-10-29 11:56:13,842 [INFO] File event detected: created on D:\Logseq\.git\packed-refs.lock
2024-10-29 11:56:13,842 [INFO] File event detected: modified on D:\Logseq\.git
2024-10-29 11:56:13,843 [INFO] File event detected: deleted on D:\Logseq\.git\AUTO_MERGE.lock
2024-10-29 11:56:13,843 [INFO] File event detected: modified on D:\Logseq\.git
2024-10-29 11:56:13,843 [INFO] File event detected: deleted on D:\Logseq\.git\packed-refs.lock
2024-10-29 11:56:13,844 [INFO] File event detected: modified on D:\Logseq\.git
2024-10-29 11:56:44,092 [INFO] File event detected: modified on D:\Logseq\Mattkipedia\logseq\bak\journals\2024_10_21
2024-10-29 11:56:44,093 [INFO] File event detected: modified on D:\Logseq\Mattkipedia\logseq\bak\journals\2024_10_23
2024-10-29 11:56:44,093 [INFO] File event detected: modified on D:\Logseq\Mattkipedia\logseq\bak\journals\2024_10_25
2024-10-29 11:56:44,093 [INFO] File event detected: modified on D:\Logseq\Mattkipedia\logseq\bak\logseq\config
2024-10-29 11:56:44,094 [INFO] File event detected: modified on D:\Logseq\Mattkipedia\logseq\bak\pages\books
2024-10-29 11:56:44,096 [INFO] File event detected: modified on D:\Logseq\Mattkipedia\logseq\bak\pages\Health
2024-10-29 11:56:44,096 [INFO] File event detected: modified on D:\Logseq\Mattkipedia\logseq\bak\pages\Health___Diet
2024-10-29 11:56:44,096 [INFO] File event detected: modified on D:\Logseq\Mattkipedia\logseq\bak\pages\Health___Sobriety
2024-10-29 11:56:44,097 [INFO] File event detected: modified on D:\Logseq\Mattkipedia\logseq\bak\pages\How to make a remote Github repository for Logseq
2024-10-29 11:56:44,097 [INFO] File event detected: modified on D:\Logseq\Mattkipedia\logseq\bak\pages\Music
2024-10-29 11:56:44,097 [INFO] File event detected: modified on D:\Logseq\Mattkipedia\logseq\bak\pages\Music___Songwriting
2024-10-29 11:56:44,098 [INFO] File event detected: modified on D:\Logseq\Mattkipedia\logseq\bak\pages\Simple Bodyweight Workout
2024-10-29 11:56:44,098 [INFO] File event detected: modified on D:\Logseq\Mattkipedia\logseq\bak\pages\Tasklist
2024-10-29 11:56:44,098 [INFO] File event detected: modified on D:\Logseq\Mattkipedia\logseq\bak\pages\Therapy
2024-10-29 11:56:44,099 [INFO] File event detected: created on D:\Logseq\.git\index.lock
2024-10-29 11:56:44,100 [INFO] File event detected: modified on D:\Logseq\.git
2024-10-29 11:56:44,108 [INFO] File event detected: deleted on D:\Logseq\.git\index.lock
2024-10-29 11:56:44,113 [INFO] No changes detected, skipping commit
2024-10-29 11:56:44,179 [INFO] File event detected: modified on D:\Logseq\.git
2024-10-29 11:56:44,211 [INFO] File event detected: modified on D:\Logseq\.git\FETCH_HEAD
2024-10-29 11:56:45,769 [INFO] File event detected: modified on D:\Logseq\.git\FETCH_HEAD
2024-10-29 11:56:45,802 [INFO] File event detected: created on D:\Logseq\.git\objects\maintenance.lock
2024-10-29 11:56:45,803 [INFO] File event detected: modified on D:\Logseq\.git\objects
2024-10-29 11:56:45,804 [INFO] File event detected: deleted on D:\Logseq\.git\objects\maintenance.lock
2024-10-29 11:56:45,810 [INFO] File event detected: modified on D:\Logseq\.git\objects
2024-10-29 11:56:45,841 [INFO] File event detected: created on D:\Logseq\.git\ORIG_HEAD.lock
2024-10-29 11:56:45,841 [INFO] File event detected: modified on D:\Logseq\.git
2024-10-29 11:56:45,842 [INFO] File event detected: deleted on D:\Logseq\.git\ORIG_HEAD.lock
2024-10-29 11:56:45,842 [INFO] File event detected: modified on D:\Logseq\.git
2024-10-29 11:56:45,843 [INFO] File event detected: created on D:\Logseq\.git\AUTO_MERGE.lock
2024-10-29 11:56:45,844 [INFO] File event detected: modified on D:\Logseq\.git
2024-10-29 11:56:45,844 [INFO] File event detected: created on D:\Logseq\.git\packed-refs.lock
2024-10-29 11:56:45,845 [INFO] File event detected: modified on D:\Logseq\.git
2024-10-29 11:56:45,845 [INFO] File event detected: deleted on D:\Logseq\.git\AUTO_MERGE.lock
2024-10-29 11:56:45,846 [INFO] File event detected: modified on D:\Logseq\.git
2024-10-29 11:56:45,846 [INFO] File event detected: deleted on D:\Logseq\.git\packed-refs.lock
2024-10-29 11:56:45,846 [INFO] File event detected: modified on D:\Logseq\.git
2024-10-29 11:56:45,854 [INFO] Pulled latest changes from remote repository
2024-10-29 11:57:16,091 [INFO] File event detected: created on D:\Logseq\.git\index.lock
2024-10-29 11:57:16,092 [INFO] File event detected: modified on D:\Logseq\.git
2024-10-29 11:57:16,099 [INFO] File event detected: deleted on D:\Logseq\.git\index.lock
2024-10-29 11:57:16,104 [INFO] No changes detected, skipping commit
2024-10-29 11:57:16,170 [INFO] File event detected: modified on D:\Logseq\.git
2024-10-29 11:57:16,200 [INFO] File event detected: modified on D:\Logseq\.git\FETCH_HEAD
2024-10-29 11:57:17,810 [INFO] File event detected: modified on D:\Logseq\.git\FETCH_HEAD
2024-10-29 11:57:17,841 [INFO] File event detected: created on D:\Logseq\.git\objects\maintenance.lock
2024-10-29 11:57:17,842 [INFO] File event detected: modified on D:\Logseq\.git\objects
2024-10-29 11:57:17,842 [INFO] File event detected: deleted on D:\Logseq\.git\objects\maintenance.lock
2024-10-29 11:57:17,849 [INFO] File event detected: modified on D:\Logseq\.git\objects
2024-10-29 11:57:17,878 [INFO] File event detected: created on D:\Logseq\.git\ORIG_HEAD.lock
2024-10-29 11:57:17,879 [INFO] File event detected: modified on D:\Logseq\.git
2024-10-29 11:57:17,879 [INFO] File event detected: deleted on D:\Logseq\.git\ORIG_HEAD.lock
2024-10-29 11:57:17,879 [INFO] File event detected: modified on D:\Logseq\.git
2024-10-29 11:57:17,880 [INFO] File event detected: created on D:\Logseq\.git\AUTO_MERGE.lock
2024-10-29 11:57:17,881 [INFO] File event detected: modified on D:\Logseq\.git
2024-10-29 11:57:17,881 [INFO] File event detected: created on D:\Logseq\.git\packed-refs.lock
2024-10-29 11:57:17,881 [INFO] File event detected: modified on D:\Logseq\.git
2024-10-29 11:57:17,881 [INFO] File event detected: deleted on D:\Logseq\.git\AUTO_MERGE.lock
2024-10-29 11:57:17,881 [INFO] File event detected: modified on D:\Logseq\.git
2024-10-29 11:57:17,881 [INFO] File event detected: deleted on D:\Logseq\.git\packed-refs.lock
2024-10-29 11:57:17,882 [INFO] File event detected: modified on D:\Logseq\.git
2024-10-29 11:57:17,889 [INFO] Pulled latest changes from remote repository
2024-10-29 11:57:48,126 [INFO] File event detected: created on D:\Logseq\.git\index.lock
2024-10-29 11:57:48,126 [INFO] File event detected: modified on D:\Logseq\.git
2024-10-29 11:57:48,133 [INFO] File event detected: deleted on D:\Logseq\.git\index.lock
2024-10-29 11:57:48,138 [INFO] No changes detected, skipping commit
2024-10-29 11:57:48,207 [INFO] File event detected: modified on D:\Logseq\.git
2024-10-29 11:57:48,240 [INFO] File event detected: modified on D:\Logseq\.git\FETCH_HEAD
2024-10-29 11:57:49,831 [INFO] File event detected: modified on D:\Logseq\.git\FETCH_HEAD
2024-10-29 11:57:49,862 [INFO] File event detected: created on D:\Logseq\.git\objects\maintenance.lock
2024-10-29 11:57:49,863 [INFO] File event detected: modified on D:\Logseq\.git\objects
2024-10-29 11:57:49,863 [INFO] File event detected: deleted on D:\Logseq\.git\objects\maintenance.lock
2024-10-29 11:57:49,870 [INFO] File event detected: modified on D:\Logseq\.git\objects
2024-10-29 11:57:49,899 [INFO] File event detected: created on D:\Logseq\.git\ORIG_HEAD.lock
2024-10-29 11:57:49,899 [INFO] File event detected: modified on D:\Logseq\.git
2024-10-29 11:57:49,899 [INFO] File event detected: deleted on D:\Logseq\.git\ORIG_HEAD.lock
2024-10-29 11:57:49,900 [INFO] File event detected: modified on D:\Logseq\.git
2024-10-29 11:57:49,900 [INFO] File event detected: created on D:\Logseq\.git\AUTO_MERGE.lock
2024-10-29 11:57:49,901 [INFO] File event detected: modified on D:\Logseq\.git
2024-10-29 11:57:49,901 [INFO] File event detected: created on D:\Logseq\.git\packed-refs.lock
2024-10-29 11:57:49,901 [INFO] File event detected: modified on D:\Logseq\.git
2024-10-29 11:57:49,902 [INFO] File event detected: deleted on D:\Logseq\.git\AUTO_MERGE.lock
2024-10-29 11:57:49,902 [INFO] File event detected: modified on D:\Logseq\.git
2024-10-29 11:57:49,902 [INFO] File event detected: deleted on D:\Logseq\.git\packed-refs.lock
2024-10-29 11:57:49,903 [INFO] File event detected: modified on D:\Logseq\.git
2024-10-29 11:57:49,910 [INFO] Pulled latest changes from remote repository
